<?xml version="1.0" encoding="UTF-8"?>
<!-- Generated by org.testng.reporters.JUnitXMLReporter -->
<testsuite ignored="2" hostname="Devashishs-MacBook-Pro.local" failures="0" tests="4" name="Default test" time="151.948" errors="0" timestamp="02 Jun 2020 07:10:27 GMT">
  <testcase classname="com.qa.hubspot.tests.ContactsPageTest" name="createContactTest" time="34.188"/>
  <testcase classname="com.qa.hubspot.tests.ContactsPageTest" name="createContactTest" time="31.061"/>
  <testcase classname="com.qa.hubspot.tests.ContactsPageTest" name="createContactTest" time="30.411"/>
  <testcase classname="com.qa.hubspot.tests.ContactsPageTest" name="createContactTest" time="30.532"/>
  <testcase classname="com.qa.hubspot.tests.ContactsPageTest" name="verifyContactsPageHeader" time="0.0">
    <ignored/>
  </testcase> <!-- verifyContactsPageHeader -->
  <testcase classname="com.qa.hubspot.tests.ContactsPageTest" name="verifyContactsPageTitleTest" time="0.0">
    <ignored/>
  </testcase> <!-- verifyContactsPageTitleTest -->
</testsuite> <!-- Default test -->
