<?xml version="1.0" encoding="UTF-8"?>
<testng-results ignored="0" total="3" passed="3" failed="0" skipped="0">
  <reporter-output>
  </reporter-output>
  <suite started-at="2020-06-06T19:12:16Z" name="My Hub spot App Test automation regression suite" finished-at="2020-06-06T19:12:29Z" duration-ms="13051">
    <groups>
    </groups>
    <test started-at="2020-06-06T19:12:16Z" name="login page test" finished-at="2020-06-06T19:12:29Z" duration-ms="13051">
      <class name="com.qa.hubspot.tests.LoginPageTest">
        <test-method is-config="true" signature="setUp()[pri:0, instance:com.qa.hubspot.tests.LoginPageTest@7c455e96]" started-at="2020-06-06T19:12:16Z" name="setUp" finished-at="2020-06-06T19:12:22Z" duration-ms="6074" status="PASS">
          <reporter-output>
          </reporter-output>
        </test-method> <!-- setUp -->
        <test-method signature="verifySignUpLinkTest()[pri:1, instance:com.qa.hubspot.tests.LoginPageTest@7c455e96]" started-at="2020-06-06T19:12:22Z" name="verifySignUpLinkTest" finished-at="2020-06-06T19:12:27Z" duration-ms="5169" status="PASS">
          <reporter-output>
          </reporter-output>
        </test-method> <!-- verifySignUpLinkTest -->
        <test-method signature="verifyLoginPageTitleTest()[pri:2, instance:com.qa.hubspot.tests.LoginPageTest@7c455e96]" started-at="2020-06-06T19:12:27Z" name="verifyLoginPageTitleTest" finished-at="2020-06-06T19:12:28Z" duration-ms="30" status="PASS">
          <reporter-output>
          </reporter-output>
        </test-method> <!-- verifyLoginPageTitleTest -->
        <test-method signature="loginTest()[pri:3, instance:com.qa.hubspot.tests.LoginPageTest@7c455e96]" started-at="2020-06-06T19:12:28Z" name="loginTest" finished-at="2020-06-06T19:12:29Z" duration-ms="1108" status="PASS">
          <reporter-output>
          </reporter-output>
        </test-method> <!-- loginTest -->
        <test-method is-config="true" signature="tearDown()[pri:0, instance:com.qa.hubspot.tests.LoginPageTest@7c455e96]" started-at="2020-06-06T19:12:29Z" name="tearDown" finished-at="2020-06-06T19:12:29Z" duration-ms="345" status="PASS">
          <reporter-output>
          </reporter-output>
        </test-method> <!-- tearDown -->
      </class> <!-- com.qa.hubspot.tests.LoginPageTest -->
    </test> <!-- login page test -->
  </suite> <!-- My Hub spot App Test automation regression suite -->
</testng-results>
