<?xml version="1.0" encoding="UTF-8"?>
<testng-results ignored="0" total="3" passed="3" failed="0" skipped="0">
  <reporter-output>
  </reporter-output>
  <suite started-at="2020-06-11T19:01:51Z" name="My Hub spot App Test automation regression suite" finished-at="2020-06-11T19:02:05Z" duration-ms="13954">
    <groups>
    </groups>
    <test started-at="2020-06-11T19:01:51Z" name="login page test" finished-at="2020-06-11T19:02:05Z" duration-ms="13954">
      <class name="com.qa.hubspot.tests.LoginPageTest">
        <test-method is-config="true" signature="setUp()[pri:0, instance:com.qa.hubspot.tests.LoginPageTest@7551da2a]" started-at="2020-06-11T19:01:51Z" name="setUp" finished-at="2020-06-11T19:01:55Z" duration-ms="4246" status="PASS">
          <reporter-output>
          </reporter-output>
        </test-method> <!-- setUp -->
        <test-method signature="verifySignUpLinkTest()[pri:1, instance:com.qa.hubspot.tests.LoginPageTest@7551da2a]" started-at="2020-06-11T19:01:55Z" name="verifySignUpLinkTest" finished-at="2020-06-11T19:02:02Z" duration-ms="6514" status="PASS">
          <reporter-output>
          </reporter-output>
        </test-method> <!-- verifySignUpLinkTest -->
        <test-method signature="verifyLoginPageTitleTest()[pri:2, instance:com.qa.hubspot.tests.LoginPageTest@7551da2a]" started-at="2020-06-11T19:02:02Z" name="verifyLoginPageTitleTest" finished-at="2020-06-11T19:02:02Z" duration-ms="152" status="PASS">
          <reporter-output>
          </reporter-output>
        </test-method> <!-- verifyLoginPageTitleTest -->
        <test-method signature="loginTest()[pri:3, instance:com.qa.hubspot.tests.LoginPageTest@7551da2a]" started-at="2020-06-11T19:02:02Z" name="loginTest" finished-at="2020-06-11T19:02:05Z" duration-ms="2374" status="PASS">
          <reporter-output>
          </reporter-output>
        </test-method> <!-- loginTest -->
        <test-method is-config="true" signature="tearDown()[pri:0, instance:com.qa.hubspot.tests.LoginPageTest@7551da2a]" started-at="2020-06-11T19:02:05Z" name="tearDown" finished-at="2020-06-11T19:02:05Z" duration-ms="120" status="PASS">
          <reporter-output>
          </reporter-output>
        </test-method> <!-- tearDown -->
      </class> <!-- com.qa.hubspot.tests.LoginPageTest -->
    </test> <!-- login page test -->
  </suite> <!-- My Hub spot App Test automation regression suite -->
</testng-results>
