<?xml version="1.0" encoding="UTF-8"?>
<!-- Generated by org.testng.reporters.JUnitXMLReporter -->
<testsuite ignored="0" hostname="Devashishs-MacBook-Pro.local" failures="0" tests="3" name="login page test" time="17.075" errors="0" timestamp="12 Jun 2020 07:49:37 GMT">
  <testcase classname="com.qa.hubspot.tests.LoginPageTest" name="verifySignUpLinkTest" time="8.179"/>
  <testcase classname="com.qa.hubspot.tests.LoginPageTest" name="verifyLoginPageTitleTest" time="0.093"/>
  <testcase classname="com.qa.hubspot.tests.LoginPageTest" name="loginTest" time="2.416"/>
</testsuite> <!-- login page test -->
